Using pre-set license
Built from '2020.2/release' branch; Version is '2020.2.0f1 (3721df5a8b28) revision 3613151'; Using compiler version '192528614'; Build Type 'Release'
OS: 'Windows 10  (10.0.0) 64bit' Language: 'en' Physical Memory: 8039 MB
BatchMode: 1, IsHumanControllingUs: 0, StartBugReporterOnCrash: 0, Is64bit: 1, IsPro: 0

 COMMAND LINE ARGUMENTS:
C:\Program Files\Unity\Hub\Editor\2020.2.0f1\Editor\Unity.exe
-adb2
-batchMode
-noUpm
-name
AssetImportWorker0
-projectPath
C:/Users/User/Downloads/unity-inventory-3d3fe06d6133ec5ff565d34a27309844a4fb2c45/unity-inventory-3d3fe06d6133ec5ff565d34a27309844a4fb2c45/unity-inventory
-logFile
Logs/AssetImportWorker0.log
-srvPort
62093
Successfully changed project path to: C:/Users/User/Downloads/unity-inventory-3d3fe06d6133ec5ff565d34a27309844a4fb2c45/unity-inventory-3d3fe06d6133ec5ff565d34a27309844a4fb2c45/unity-inventory
C:/Users/User/Downloads/unity-inventory-3d3fe06d6133ec5ff565d34a27309844a4fb2c45/unity-inventory-3d3fe06d6133ec5ff565d34a27309844a4fb2c45/unity-inventory
Using Asset Import Pipeline V2.
Refreshing native plugins compatible for Editor in 137.15 ms, found 0 plugins.
Preloading 0 native plugins for Editor in 0.00 ms.
Initialize engine version: 2020.2.0f1 (3721df5a8b28)
[Subsystems] Discovering subsystems at path C:/Program Files/Unity/Hub/Editor/2020.2.0f1/Editor/Data/Resources/UnitySubsystems
[Subsystems] Discovering subsystems at path C:/Users/User/Downloads/unity-inventory-3d3fe06d6133ec5ff565d34a27309844a4fb2c45/unity-inventory-3d3fe06d6133ec5ff565d34a27309844a4fb2c45/unity-inventory/Assets
GfxDevice: creating device client; threaded=0
Direct3D:
    Version:  Direct3D 11.0 [level 11.1]
    Renderer: NVIDIA GeForce MX250 (ID=0x1d13)
    Vendor:   
    VRAM:     1983 MB
    Driver:   26.21.14.4137
Initialize mono
Mono path[0] = 'C:/Program Files/Unity/Hub/Editor/2020.2.0f1/Editor/Data/Managed'
Mono path[1] = 'C:/Program Files/Unity/Hub/Editor/2020.2.0f1/Editor/Data/MonoBleedingEdge/lib/mono/unityjit'
Mono config path = 'C:/Program Files/Unity/Hub/Editor/2020.2.0f1/Editor/Data/MonoBleedingEdge/etc'
Using monoOptions --debugger-agent=transport=dt_socket,embedding=1,server=y,suspend=n,address=127.0.0.1:56184
Begin MonoManager ReloadAssembly
Registering precompiled unity dll's ...
Register platform support module: C:/Program Files/Unity/Hub/Editor/2020.2.0f1/Editor/Data/PlaybackEngines/WindowsStandaloneSupport/UnityEditor.WindowsStandalone.Extensions.dll
Registered in 0.010998 seconds.
Native extension for WindowsStandalone target not found
Refreshing native plugins compatible for Editor in 73.87 ms, found 0 plugins.
Preloading 0 native plugins for Editor in 0.00 ms.
Invoked RoslynAnalysisRunner static constructor.
RoslynAnalysisRunner will not be running.
RoslynAnalysisRunner has terminated.
Mono: successfully reloaded assembly
- Completed reload, in  8.870 seconds
Platform modules already initialized, skipping
Registering precompiled user dll's ...
Registered in 0.002676 seconds.
Begin MonoManager ReloadAssembly
Native extension for WindowsStandalone target not found
Refreshing native plugins compatible for Editor in 0.40 ms, found 0 plugins.
Preloading 0 native plugins for Editor in 0.00 ms.
Invoked RoslynAnalysisRunner static constructor.
RoslynAnalysisRunner will not be running.
RoslynAnalysisRunner has terminated.
Mono: successfully reloaded assembly
- Completed reload, in  2.836 seconds
Platform modules already initialized, skipping
========================================================================
Worker process is ready to serve import requests
Launched and connected shader compiler UnityShaderCompiler.exe after 0.10 seconds
Refreshing native plugins compatible for Editor in 0.48 ms, found 0 plugins.
Preloading 0 native plugins for Editor in 0.00 ms.
Unloading 1099 Unused Serialized files (Serialized files now loaded: 0)
System memory in use before: 57.0 MB.
System memory in use after: 57.0 MB.

Unloading 9 unused Assets to reduce memory usage. Loaded Objects now: 1542.
Total: 7.644100 ms (FindLiveObjects: 0.607700 ms CreateObjectMapping: 0.444500 ms MarkObjects: 6.236700 ms  DeleteObjects: 0.352300 ms)

========================================================================
Received Import Request.
  path: Assets/Scripts/Slot.cs
  artifactKey: Guid(81dc2fe3c9efd4db79f8636f5d083e83) Importer(815301076,1909f56bfc062723c751e8b465ee728b)
Start importing Assets/Scripts/Slot.cs using Guid(81dc2fe3c9efd4db79f8636f5d083e83) Importer(815301076,1909f56bfc062723c751e8b465ee728b)  -> (artifact id: 'c833896e9c324777e9594e9cc5c3b8c7') in 0.224680 seconds
  Import took 0.229254 seconds .

========================================================================
Received Import Request.
  Time since last request: 0.000562 seconds.
  path: Assets/Scripts
  artifactKey: Guid(bef64d4135a214c96be4abde4b11a92c) Importer(815301076,1909f56bfc062723c751e8b465ee728b)
Start importing Assets/Scripts using Guid(bef64d4135a214c96be4abde4b11a92c) Importer(815301076,1909f56bfc062723c751e8b465ee728b)  -> (artifact id: 'a95f05cd5e71239aa061e842e880cd49') in 0.005164 seconds
  Import took 0.009610 seconds .

========================================================================
Received Prepare
Registering precompiled user dll's ...
Registered in 0.002651 seconds.
Begin MonoManager ReloadAssembly
Native extension for WindowsStandalone target not found
Refreshing native plugins compatible for Editor in 0.50 ms, found 0 plugins.
Preloading 0 native plugins for Editor in 0.00 ms.
Invoked RoslynAnalysisRunner static constructor.
RoslynAnalysisRunner will not be running.
RoslynAnalysisRunner has terminated.
Mono: successfully reloaded assembly
- Completed reload, in  2.926 seconds
Platform modules already initialized, skipping
Refreshing native plugins compatible for Editor in 0.57 ms, found 0 plugins.
Preloading 0 native plugins for Editor in 0.00 ms.
Unloading 1093 Unused Serialized files (Serialized files now loaded: 0)
System memory in use before: 56.8 MB.
System memory in use after: 56.9 MB.

Unloading 4 unused Assets to reduce memory usage. Loaded Objects now: 1544.
Total: 4.978000 ms (FindLiveObjects: 0.451000 ms CreateObjectMapping: 0.152900 ms MarkObjects: 4.329800 ms  DeleteObjects: 0.040300 ms)

========================================================================
Received Import Request.
  Time since last request: 265.434389 seconds.
  path: Assets/Scripts/Player.cs
  artifactKey: Guid(dfe99d2bfaf2141bb90a58c48ebdff9a) Importer(815301076,1909f56bfc062723c751e8b465ee728b)
Start importing Assets/Scripts/Player.cs using Guid(dfe99d2bfaf2141bb90a58c48ebdff9a) Importer(815301076,1909f56bfc062723c751e8b465ee728b)  -> (artifact id: '63e679a85cdf4f097fcf58d6750725f2') in 0.011883 seconds
  Import took 0.017858 seconds .

========================================================================
Received Prepare
Registering precompiled user dll's ...
Registered in 0.004418 seconds.
Begin MonoManager ReloadAssembly
Native extension for WindowsStandalone target not found
Refreshing native plugins compatible for Editor in 0.40 ms, found 0 plugins.
Preloading 0 native plugins for Editor in 0.00 ms.
Invoked RoslynAnalysisRunner static constructor.
RoslynAnalysisRunner will not be running.
RoslynAnalysisRunner has terminated.
Mono: successfully reloaded assembly
- Completed reload, in  2.450 seconds
Platform modules already initialized, skipping
Refreshing native plugins compatible for Editor in 0.56 ms, found 0 plugins.
Preloading 0 native plugins for Editor in 0.00 ms.
Unloading 1093 Unused Serialized files (Serialized files now loaded: 0)
System memory in use before: 56.9 MB.
System memory in use after: 57.0 MB.

Unloading 4 unused Assets to reduce memory usage. Loaded Objects now: 1546.
Total: 4.246700 ms (FindLiveObjects: 0.324900 ms CreateObjectMapping: 0.104900 ms MarkObjects: 3.767700 ms  DeleteObjects: 0.045700 ms)

========================================================================
Received Prepare
Registering precompiled user dll's ...
Registered in 0.004740 seconds.
Begin MonoManager ReloadAssembly
Native extension for WindowsStandalone target not found
Refreshing native plugins compatible for Editor in 0.75 ms, found 0 plugins.
Preloading 0 native plugins for Editor in 0.00 ms.
Invoked RoslynAnalysisRunner static constructor.
RoslynAnalysisRunner will not be running.
RoslynAnalysisRunner has terminated.
Mono: successfully reloaded assembly
- Completed reload, in  4.100 seconds
Platform modules already initialized, skipping
Refreshing native plugins compatible for Editor in 0.95 ms, found 0 plugins.
Preloading 0 native plugins for Editor in 0.00 ms.
Unloading 1093 Unused Serialized files (Serialized files now loaded: 0)
System memory in use before: 57.0 MB.
System memory in use after: 57.1 MB.

Unloading 4 unused Assets to reduce memory usage. Loaded Objects now: 1548.
Total: 8.109100 ms (FindLiveObjects: 1.162400 ms CreateObjectMapping: 0.271000 ms MarkObjects: 6.598100 ms  DeleteObjects: 0.071300 ms)

========================================================================
Received Import Request.
  Time since last request: 1984.056607 seconds.
  path: Assets/Prefabs/Inventory Canvas.prefab
  artifactKey: Guid(bb40fe22861664075841fe6536867e56) Importer(815301076,1909f56bfc062723c751e8b465ee728b)
Start importing Assets/Prefabs/Inventory Canvas.prefab using Guid(bb40fe22861664075841fe6536867e56) Importer(815301076,1909f56bfc062723c751e8b465ee728b)  -> (artifact id: 'af6f97e813865964cf57476ed492bae7') in 0.285298 seconds
  Import took 0.297357 seconds .

========================================================================
Received Import Request.
  Time since last request: 0.009633 seconds.
  path: Assets/Prefabs/Inventory Canvas.prefab
  artifactKey: Guid(bb40fe22861664075841fe6536867e56) Importer(815301076,1909f56bfc062723c751e8b465ee728b)
Start importing Assets/Prefabs/Inventory Canvas.prefab using Guid(bb40fe22861664075841fe6536867e56) Importer(815301076,1909f56bfc062723c751e8b465ee728b)  -> (artifact id: 'af6f97e813865964cf57476ed492bae7') in 0.032178 seconds
  Import took 0.043961 seconds .

========================================================================
Received Import Request.
  Time since last request: 127.298690 seconds.
  path: Assets/Inventory
  artifactKey: Guid(7b115f29509b6487fbd0c64507e0cd6a) Importer(815301076,1909f56bfc062723c751e8b465ee728b)
Start importing Assets/Inventory using Guid(7b115f29509b6487fbd0c64507e0cd6a) Importer(815301076,1909f56bfc062723c751e8b465ee728b)  -> (artifact id: '9bfaed1cac6272a28539fce24fb269ea') in 0.016457 seconds
  Import took 0.028995 seconds .

========================================================================
Received Import Request.
  Time since last request: 0.005452 seconds.
  path: Assets/Inventory
  artifactKey: Guid(7b115f29509b6487fbd0c64507e0cd6a) Importer(815301076,1909f56bfc062723c751e8b465ee728b)
Start importing Assets/Inventory using Guid(7b115f29509b6487fbd0c64507e0cd6a) Importer(815301076,1909f56bfc062723c751e8b465ee728b)  -> (artifact id: '9bfaed1cac6272a28539fce24fb269ea') in 0.016551 seconds
  Import took 0.024481 seconds .

========================================================================
Received Import Request.
  Time since last request: 6.713311 seconds.
  path: Assets/Prefabs/Icon.prefab
  artifactKey: Guid(1e91f2e0fdd2e4ce39941ab5afe886ef) Importer(815301076,1909f56bfc062723c751e8b465ee728b)
Start importing Assets/Prefabs/Icon.prefab using Guid(1e91f2e0fdd2e4ce39941ab5afe886ef) Importer(815301076,1909f56bfc062723c751e8b465ee728b)  -> (artifact id: '353af3f5327afc7ed675950d99fbe8f2') in 0.027769 seconds
  Import took 0.039312 seconds .

========================================================================
Received Import Request.
  Time since last request: 0.001920 seconds.
  path: Assets/Prefabs/Icon.prefab
  artifactKey: Guid(1e91f2e0fdd2e4ce39941ab5afe886ef) Importer(815301076,1909f56bfc062723c751e8b465ee728b)
Start importing Assets/Prefabs/Icon.prefab using Guid(1e91f2e0fdd2e4ce39941ab5afe886ef) Importer(815301076,1909f56bfc062723c751e8b465ee728b)  -> (artifact id: '353af3f5327afc7ed675950d99fbe8f2') in 0.020466 seconds
  Import took 0.032900 seconds .

========================================================================
Received Prepare
Registering precompiled user dll's ...
Registered in 0.001543 seconds.
Begin MonoManager ReloadAssembly
Native extension for WindowsStandalone target not found
Refreshing native plugins compatible for Editor in 0.31 ms, found 0 plugins.
Preloading 0 native plugins for Editor in 0.00 ms.
Invoked RoslynAnalysisRunner static constructor.
RoslynAnalysisRunner will not be running.
RoslynAnalysisRunner has terminated.
Mono: successfully reloaded assembly
- Completed reload, in  1.965 seconds
Platform modules already initialized, skipping
Refreshing native plugins compatible for Editor in 0.35 ms, found 0 plugins.
Preloading 0 native plugins for Editor in 0.00 ms.
Unloading 1093 Unused Serialized files (Serialized files now loaded: 0)
System memory in use before: 57.2 MB.
System memory in use after: 57.3 MB.

Unloading 4 unused Assets to reduce memory usage. Loaded Objects now: 1552.
Total: 3.093200 ms (FindLiveObjects: 0.462200 ms CreateObjectMapping: 0.112000 ms MarkObjects: 2.464100 ms  DeleteObjects: 0.051800 ms)

========================================================================
Received Import Request.
  Time since last request: 164.141395 seconds.
  path: Assets/Scripts/HandleCanvas.cs
  artifactKey: Guid(b277bdbd62ead424e9fba8acaab8b9ce) Importer(815301076,1909f56bfc062723c751e8b465ee728b)
Start importing Assets/Scripts/HandleCanvas.cs using Guid(b277bdbd62ead424e9fba8acaab8b9ce) Importer(815301076,1909f56bfc062723c751e8b465ee728b)  -> (artifact id: 'f21d19b3c085f6f914b98eec82097843') in 0.010181 seconds
  Import took 0.014773 seconds .

AssetImportWorkerClient::OnTransportError - code=2 error=End of file
